The system is: Linux - 2.6.38-13-generic - x86_64
Compiling the C compiler identification source file "CMakeCCompilerId.c" succeeded.
Compiler: /usr/bin/gcc 
Build flags: 
Id flags: 

The output was:
0


Compilation of the C compiler identification source "CMakeCCompilerId.c" produced "a.out"

The C compiler identification is GNU, found in "/home/james/Code/new-tutorials/src/build/CMakeFiles/CompilerIdC/a.out"

Compiling the CXX compiler identification source file "CMakeCXXCompilerId.cpp" succeeded.
Compiler: /usr/bin/c++ 
Build flags: 
Id flags: 

The output was:
0
CMakeCXXCompilerId.cpp:79:58: warning: deprecated conversion from string constant to ‘char*’
CMakeCXXCompilerId.cpp:192:58: warning: deprecated conversion from string constant to ‘char*’
CMakeCXXCompilerId.cpp:193:54: warning: deprecated conversion from string constant to ‘char*’


Compilation of the CXX compiler identification source "CMakeCXXCompilerId.cpp" produced "a.out"

The CXX compiler identification is GNU, found in "/home/james/Code/new-tutorials/src/build/CMakeFiles/CompilerIdCXX/a.out"

